<?xml version="1.0" encoding="UTF-8"?>
<coverage generated="1766501874962" clover="3.2.0">
  <project timestamp="1766501874962" name="All files">
    <metrics statements="37" coveredstatements="26" conditionals="15" coveredconditionals="7" methods="14" coveredmethods="10" elements="66" coveredelements="43" complexity="0" loc="37" ncloc="37" packages="4" files="6" classes="6"/>
    <package name="assets">
      <metrics statements="0" coveredstatements="0" conditionals="0" coveredconditionals="0" methods="0" coveredmethods="0"/>
      <file name="placeholder.jpg" path="/Users/gazalgoyal/Desktop/articles-web-app/articles-web-app/src/assets/placeholder.jpg">
        <metrics statements="0" coveredstatements="0" conditionals="0" coveredconditionals="0" methods="0" coveredmethods="0"/>
      </file>
    </package>
    <package name="components">
      <metrics statements="11" coveredstatements="10" conditionals="2" coveredconditionals="1" methods="7" coveredmethods="6"/>
      <file name="ArticleCard.tsx" path="/Users/gazalgoyal/Desktop/articles-web-app/articles-web-app/src/components/ArticleCard.tsx">
        <metrics statements="3" coveredstatements="2" conditionals="2" coveredconditionals="1" methods="2" coveredmethods="1"/>
        <line num="4" count="2" type="stmt"/>
        <line num="5" count="3" type="stmt"/>
        <line num="18" count="0" type="stmt"/>
      </file>
      <file name="Filters.tsx" path="/Users/gazalgoyal/Desktop/articles-web-app/articles-web-app/src/components/Filters.tsx">
        <metrics statements="5" coveredstatements="5" conditionals="0" coveredconditionals="0" methods="3" coveredmethods="3"/>
        <line num="5" count="2" type="stmt"/>
        <line num="7" count="2" type="stmt"/>
        <line num="8" count="4" type="stmt"/>
        <line num="11" count="20" type="stmt"/>
        <line num="13" count="1" type="stmt"/>
      </file>
      <file name="SearchBar.tsx" path="/Users/gazalgoyal/Desktop/articles-web-app/articles-web-app/src/components/SearchBar.tsx">
        <metrics statements="3" coveredstatements="3" conditionals="0" coveredconditionals="0" methods="2" coveredmethods="2"/>
        <line num="5" count="2" type="stmt"/>
        <line num="6" count="3" type="stmt"/>
        <line num="10" count="1" type="stmt"/>
      </file>
    </package>
    <package name="pages">
      <metrics statements="15" coveredstatements="13" conditionals="9" coveredconditionals="6" methods="5" coveredmethods="4"/>
      <file name="ArticlesPage.tsx" path="/Users/gazalgoyal/Desktop/articles-web-app/articles-web-app/src/pages/ArticlesPage.tsx">
        <metrics statements="15" coveredstatements="13" conditionals="9" coveredconditionals="6" methods="5" coveredmethods="4"/>
        <line num="8" count="1" type="stmt"/>
        <line num="9" count="2" type="stmt"/>
        <line num="10" count="2" type="stmt"/>
        <line num="11" count="2" type="stmt"/>
        <line num="13" count="2" type="stmt"/>
        <line num="14" count="1" type="stmt"/>
        <line num="19" count="2" type="stmt"/>
        <line num="20" count="1" type="stmt"/>
        <line num="23" count="1" type="cond" truecount="1" falsecount="2"/>
        <line num="28" count="1" type="cond" truecount="1" falsecount="1"/>
        <line num="31" count="1" type="cond" truecount="2" falsecount="0"/>
        <line num="34" count="2" type="stmt"/>
        <line num="41" count="0" type="stmt"/>
        <line num="42" count="0" type="stmt"/>
        <line num="51" count="1" type="stmt"/>
      </file>
    </package>
    <package name="services">
      <metrics statements="11" coveredstatements="3" conditionals="4" coveredconditionals="0" methods="2" coveredmethods="0"/>
      <file name="articleService.ts" path="/Users/gazalgoyal/Desktop/articles-web-app/articles-web-app/src/services/articleService.ts">
        <metrics statements="11" coveredstatements="3" conditionals="4" coveredconditionals="0" methods="2" coveredmethods="0"/>
        <line num="3" count="1" type="stmt"/>
        <line num="5" count="1" type="stmt"/>
        <line num="6" count="0" type="stmt"/>
        <line num="8" count="0" type="cond" truecount="0" falsecount="2"/>
        <line num="9" count="0" type="stmt"/>
        <line num="12" count="0" type="stmt"/>
        <line num="15" count="1" type="stmt"/>
        <line num="16" count="0" type="stmt"/>
        <line num="18" count="0" type="cond" truecount="0" falsecount="2"/>
        <line num="19" count="0" type="stmt"/>
        <line num="22" count="0" type="stmt"/>
      </file>
    </package>
  </project>
</coverage>
