{"/Users/gazalgoyal/Desktop/articles-web-app/articles-web-app/src/assets/placeholder.jpg": {"path":"/Users/gazalgoyal/Desktop/articles-web-app/articles-web-app/src/assets/placeholder.jpg","statementMap":{},"fnMap":{},"branchMap":{},"s":{},"f":{},"b":{},"meta":{"lastBranch":0,"lastFunction":0,"lastStatement":0,"seen":{}}}
,"/Users/gazalgoyal/Desktop/articles-web-app/articles-web-app/src/components/ArticleCard.tsx": {"path":"/Users/gazalgoyal/Desktop/articles-web-app/articles-web-app/src/components/ArticleCard.tsx","statementMap":{"0":{"start":{"line":4,"column":20},"end":{"line":31,"column":null}},"1":{"start":{"line":5,"column":2},"end":{"line":29,"column":null}},"2":{"start":{"line":18,"column":14},"end":{"line":18,"column":null}}},"fnMap":{"0":{"name":"(anonymous_0)","decl":{"start":{"line":4,"column":20},"end":{"line":4,"column":21}},"loc":{"start":{"line":4,"column":59},"end":{"line":31,"column":null}},"line":4},"1":{"name":"(anonymous_1)","decl":{"start":{"line":17,"column":21},"end":{"line":17,"column":22}},"loc":{"start":{"line":17,"column":28},"end":{"line":19,"column":null}},"line":17}},"branchMap":{"0":{"loc":{"start":{"line":15,"column":17},"end":{"line":15,"column":null}},"type":"cond-expr","locations":[{"start":{"line":15,"column":41},"end":{"line":15,"column":57}},{"start":{"line":15,"column":57},"end":{"line":15,"column":null}}],"line":15}},"s":{"0":2,"1":3,"2":0},"f":{"0":3,"1":0},"b":{"0":[0,3]},"meta":{"lastBranch":1,"lastFunction":2,"lastStatement":3,"seen":{"s:4:20:31:Infinity":0,"f:4:20:4:21":0,"s:5:2:29:Infinity":1,"b:15:41:15:57:15:57:15:Infinity":0,"f:17:21:17:22":1,"s:18:14:18:Infinity":2}}}
,"/Users/gazalgoyal/Desktop/articles-web-app/articles-web-app/src/components/Filters.tsx": {"path":"/Users/gazalgoyal/Desktop/articles-web-app/articles-web-app/src/components/Filters.tsx","statementMap":{"0":{"start":{"line":5,"column":19},"end":{"line":5,"column":null}},"1":{"start":{"line":7,"column":16},"end":{"line":20,"column":null}},"2":{"start":{"line":8,"column":2},"end":{"line":18,"column":null}},"3":{"start":{"line":11,"column":8},"end":{"line":16,"column":null}},"4":{"start":{"line":13,"column":25},"end":{"line":13,"column":null}}},"fnMap":{"0":{"name":"(anonymous_0)","decl":{"start":{"line":7,"column":16},"end":{"line":7,"column":17}},"loc":{"start":{"line":7,"column":56},"end":{"line":20,"column":null}},"line":7},"1":{"name":"(anonymous_1)","decl":{"start":{"line":10,"column":22},"end":{"line":10,"column":23}},"loc":{"start":{"line":11,"column":8},"end":{"line":16,"column":null}},"line":11},"2":{"name":"(anonymous_2)","decl":{"start":{"line":13,"column":19},"end":{"line":13,"column":25}},"loc":{"start":{"line":13,"column":25},"end":{"line":13,"column":null}},"line":13}},"branchMap":{},"s":{"0":2,"1":2,"2":4,"3":20,"4":1},"f":{"0":4,"1":20,"2":1},"b":{},"meta":{"lastBranch":0,"lastFunction":3,"lastStatement":5,"seen":{"s:5:19:5:Infinity":0,"s:7:16:20:Infinity":1,"f:7:16:7:17":0,"s:8:2:18:Infinity":2,"f:10:22:10:23":1,"s:11:8:16:Infinity":3,"f:13:19:13:25":2,"s:13:25:13:Infinity":4}}}
,"/Users/gazalgoyal/Desktop/articles-web-app/articles-web-app/src/components/SearchBar.tsx": {"path":"/Users/gazalgoyal/Desktop/articles-web-app/articles-web-app/src/components/SearchBar.tsx","statementMap":{"0":{"start":{"line":5,"column":18},"end":{"line":19,"column":null}},"1":{"start":{"line":6,"column":2},"end":{"line":17,"column":null}},"2":{"start":{"line":10,"column":23},"end":{"line":10,"column":null}}},"fnMap":{"0":{"name":"(anonymous_0)","decl":{"start":{"line":5,"column":18},"end":{"line":5,"column":19}},"loc":{"start":{"line":5,"column":52},"end":{"line":19,"column":null}},"line":5},"1":{"name":"(anonymous_1)","decl":{"start":{"line":10,"column":16},"end":{"line":10,"column":17}},"loc":{"start":{"line":10,"column":23},"end":{"line":10,"column":null}},"line":10}},"branchMap":{},"s":{"0":2,"1":3,"2":1},"f":{"0":3,"1":1},"b":{},"meta":{"lastBranch":0,"lastFunction":2,"lastStatement":3,"seen":{"s:5:18:19:Infinity":0,"f:5:18:5:19":0,"s:6:2:17:Infinity":1,"f:10:16:10:17":1,"s:10:23:10:Infinity":2}}}
,"/Users/gazalgoyal/Desktop/articles-web-app/articles-web-app/src/pages/ArticlesPage.tsx": {"path":"/Users/gazalgoyal/Desktop/articles-web-app/articles-web-app/src/pages/ArticlesPage.tsx","statementMap":{"0":{"start":{"line":8,"column":21},"end":{"line":59,"column":null}},"1":{"start":{"line":9,"column":30},"end":{"line":9,"column":null}},"2":{"start":{"line":10,"column":34},"end":{"line":10,"column":null}},"3":{"start":{"line":11,"column":30},"end":{"line":11,"column":null}},"4":{"start":{"line":13,"column":2},"end":{"line":17,"column":null}},"5":{"start":{"line":14,"column":4},"end":{"line":16,"column":null}},"6":{"start":{"line":19,"column":27},"end":{"line":32,"column":null}},"7":{"start":{"line":20,"column":19},"end":{"line":20,"column":null}},"8":{"start":{"line":23,"column":6},"end":{"line":25,"column":null}},"9":{"start":{"line":28,"column":6},"end":{"line":29,"column":null}},"10":{"start":{"line":31,"column":4},"end":{"line":31,"column":null}},"11":{"start":{"line":34,"column":2},"end":{"line":57,"column":null}},"12":{"start":{"line":41,"column":10},"end":{"line":41,"column":null}},"13":{"start":{"line":42,"column":10},"end":{"line":42,"column":null}},"14":{"start":{"line":51,"column":12},"end":{"line":51,"column":null}}},"fnMap":{"0":{"name":"(anonymous_0)","decl":{"start":{"line":8,"column":21},"end":{"line":8,"column":27}},"loc":{"start":{"line":8,"column":27},"end":{"line":59,"column":null}},"line":8},"1":{"name":"(anonymous_1)","decl":{"start":{"line":13,"column":12},"end":{"line":13,"column":18}},"loc":{"start":{"line":13,"column":18},"end":{"line":17,"column":5}},"line":13},"2":{"name":"(anonymous_2)","decl":{"start":{"line":19,"column":43},"end":{"line":19,"column":44}},"loc":{"start":{"line":19,"column":56},"end":{"line":32,"column":3}},"line":19},"3":{"name":"(anonymous_3)","decl":{"start":{"line":40,"column":18},"end":{"line":40,"column":19}},"loc":{"start":{"line":40,"column":29},"end":{"line":43,"column":null}},"line":40},"4":{"name":"(anonymous_4)","decl":{"start":{"line":50,"column":31},"end":{"line":50,"column":32}},"loc":{"start":{"line":51,"column":12},"end":{"line":51,"column":null}},"line":51}},"branchMap":{"0":{"loc":{"start":{"line":23,"column":6},"end":{"line":25,"column":null}},"type":"binary-expr","locations":[{"start":{"line":23,"column":6},"end":{"line":23,"column":null}},{"start":{"line":24,"column":6},"end":{"line":24,"column":null}},{"start":{"line":25,"column":6},"end":{"line":25,"column":null}}],"line":23},"1":{"loc":{"start":{"line":28,"column":6},"end":{"line":29,"column":null}},"type":"binary-expr","locations":[{"start":{"line":28,"column":6},"end":{"line":28,"column":null}},{"start":{"line":29,"column":6},"end":{"line":29,"column":null}}],"line":28},"2":{"loc":{"start":{"line":31,"column":11},"end":{"line":31,"column":null}},"type":"binary-expr","locations":[{"start":{"line":31,"column":11},"end":{"line":31,"column":28}},{"start":{"line":31,"column":28},"end":{"line":31,"column":null}}],"line":31},"3":{"loc":{"start":{"line":49,"column":9},"end":{"line":54,"column":null}},"type":"cond-expr","locations":[{"start":{"line":50,"column":10},"end":{"line":52,"column":null}},{"start":{"line":54,"column":10},"end":{"line":54,"column":null}}],"line":49}},"s":{"0":1,"1":2,"2":2,"3":2,"4":2,"5":1,"6":2,"7":1,"8":1,"9":1,"10":1,"11":2,"12":0,"13":0,"14":1},"f":{"0":2,"1":1,"2":1,"3":0,"4":1},"b":{"0":[1,0,0],"1":[1,0],"2":[1,1],"3":[1,1]},"meta":{"lastBranch":4,"lastFunction":5,"lastStatement":15,"seen":{"s:8:21:59:Infinity":0,"f:8:21:8:27":0,"s:9:30:9:Infinity":1,"s:10:34:10:Infinity":2,"s:11:30:11:Infinity":3,"s:13:2:17:Infinity":4,"f:13:12:13:18":1,"s:14:4:16:Infinity":5,"s:19:27:32:Infinity":6,"f:19:43:19:44":2,"s:20:19:20:Infinity":7,"s:23:6:25:Infinity":8,"b:23:6:23:Infinity:24:6:24:Infinity:25:6:25:Infinity":0,"s:28:6:29:Infinity":9,"b:28:6:28:Infinity:29:6:29:Infinity":1,"s:31:4:31:Infinity":10,"b:31:11:31:28:31:28:31:Infinity":2,"s:34:2:57:Infinity":11,"f:40:18:40:19":3,"s:41:10:41:Infinity":12,"s:42:10:42:Infinity":13,"b:50:10:52:Infinity:54:10:54:Infinity":3,"f:50:31:50:32":4,"s:51:12:51:Infinity":14}}}
,"/Users/gazalgoyal/Desktop/articles-web-app/articles-web-app/src/services/articleService.ts": {"path":"/Users/gazalgoyal/Desktop/articles-web-app/articles-web-app/src/services/articleService.ts","statementMap":{"0":{"start":{"line":3,"column":16},"end":{"line":3,"column":null}},"1":{"start":{"line":5,"column":29},"end":{"line":13,"column":null}},"2":{"start":{"line":6,"column":19},"end":{"line":6,"column":null}},"3":{"start":{"line":8,"column":2},"end":{"line":10,"column":null}},"4":{"start":{"line":9,"column":4},"end":{"line":9,"column":null}},"5":{"start":{"line":12,"column":2},"end":{"line":12,"column":null}},"6":{"start":{"line":15,"column":32},"end":{"line":23,"column":null}},"7":{"start":{"line":16,"column":19},"end":{"line":16,"column":null}},"8":{"start":{"line":18,"column":2},"end":{"line":20,"column":null}},"9":{"start":{"line":19,"column":4},"end":{"line":19,"column":null}},"10":{"start":{"line":22,"column":2},"end":{"line":22,"column":null}}},"fnMap":{"0":{"name":"(anonymous_0)","decl":{"start":{"line":5,"column":29},"end":{"line":5,"column":61}},"loc":{"start":{"line":5,"column":61},"end":{"line":13,"column":null}},"line":5},"1":{"name":"(anonymous_1)","decl":{"start":{"line":15,"column":32},"end":{"line":15,"column":39}},"loc":{"start":{"line":15,"column":72},"end":{"line":23,"column":null}},"line":15}},"branchMap":{"0":{"loc":{"start":{"line":8,"column":2},"end":{"line":10,"column":null}},"type":"if","locations":[{"start":{"line":8,"column":2},"end":{"line":10,"column":null}},{"start":{},"end":{}}],"line":8},"1":{"loc":{"start":{"line":18,"column":2},"end":{"line":20,"column":null}},"type":"if","locations":[{"start":{"line":18,"column":2},"end":{"line":20,"column":null}},{"start":{},"end":{}}],"line":18}},"s":{"0":1,"1":1,"2":0,"3":0,"4":0,"5":0,"6":1,"7":0,"8":0,"9":0,"10":0},"f":{"0":0,"1":0},"b":{"0":[0,0],"1":[0,0]},"meta":{"lastBranch":2,"lastFunction":2,"lastStatement":11,"seen":{"s:3:16:3:Infinity":0,"s:5:29:13:Infinity":1,"f:5:29:5:61":0,"s:6:19:6:Infinity":2,"b:8:2:10:Infinity:undefined:undefined:undefined:undefined":0,"s:8:2:10:Infinity":3,"s:9:4:9:Infinity":4,"s:12:2:12:Infinity":5,"s:15:32:23:Infinity":6,"f:15:32:15:39":1,"s:16:19:16:Infinity":7,"b:18:2:20:Infinity:undefined:undefined:undefined:undefined":1,"s:18:2:20:Infinity":8,"s:19:4:19:Infinity":9,"s:22:2:22:Infinity":10}}}
}
